{"/Users/alisonryan/snapper/backend/src/controllers/authentification.ts": {"path":"/Users/alisonryan/snapper/backend/src/controllers/authentification.ts","statementMap":{"0":{"start":{"line":2,"column":0},"end":{"line":2,"column":56}},"1":{"start":{"line":4,"column":24},"end":{"line":28,"column":2}},"2":{"start":{"line":4,"column":78},"end":{"line":28,"column":2}},"3":{"start":{"line":5,"column":4},"end":{"line":27,"column":5}},"4":{"start":{"line":6,"column":36},"end":{"line":6,"column":44}},"5":{"start":{"line":8,"column":8},"end":{"line":10,"column":9}},"6":{"start":{"line":9,"column":12},"end":{"line":9,"column":39}},"7":{"start":{"line":12,"column":29},"end":{"line":12,"column":56}},"8":{"start":{"line":14,"column":8},"end":{"line":16,"column":9}},"9":{"start":{"line":15,"column":12},"end":{"line":15,"column":39}},"10":{"start":{"line":18,"column":21},"end":{"line":21,"column":10}},"11":{"start":{"line":23,"column":8},"end":{"line":23,"column":48}},"12":{"start":{"line":25,"column":8},"end":{"line":25,"column":27}},"13":{"start":{"line":26,"column":8},"end":{"line":26,"column":35}},"14":{"start":{"line":4,"column":13},"end":{"line":4,"column":24}}},"fnMap":{"0":{"name":"(anonymous_7)","decl":{"start":{"line":4,"column":24},"end":{"line":4,"column":31}},"loc":{"start":{"line":4,"column":78},"end":{"line":28,"column":2}}},"1":{"name":"(anonymous_8)","decl":{"start":{"line":4,"column":78},"end":{"line":4,"column":null}},"loc":{"start":{"line":4,"column":78},"end":{"line":28,"column":1}}}},"branchMap":{"0":{"loc":{"start":{"line":8,"column":8},"end":{"line":10,"column":9}},"type":"if","locations":[{"start":{"line":8,"column":8},"end":{"line":10,"column":9}}]},"1":{"loc":{"start":{"line":8,"column":12},"end":{"line":8,"column":31}},"type":"binary-expr","locations":[{"start":{"line":8,"column":12},"end":{"line":8,"column":18}},{"start":{"line":8,"column":22},"end":{"line":8,"column":31}}]},"2":{"loc":{"start":{"line":14,"column":8},"end":{"line":16,"column":9}},"type":"if","locations":[{"start":{"line":14,"column":8},"end":{"line":16,"column":9}}]}},"s":{"0":1,"1":1,"2":4,"3":4,"4":4,"5":4,"6":1,"7":3,"8":3,"9":2,"10":1,"11":1,"12":0,"13":0,"14":1},"f":{"0":4,"1":4},"b":{"0":[1],"1":[4,4],"2":[2]}}
,"/Users/alisonryan/snapper/backend/src/controllers/getUsers.ts": {"path":"/Users/alisonryan/snapper/backend/src/controllers/getUsers.ts","statementMap":{"0":{"start":{"line":1,"column":0},"end":{"line":1,"column":44}},"1":{"start":{"line":3,"column":30},"end":{"line":3,"column":77}},"2":{"start":{"line":3,"column":49},"end":{"line":3,"column":77}},"3":{"start":{"line":3,"column":13},"end":{"line":3,"column":30}},"4":{"start":{"line":4,"column":26},"end":{"line":4,"column":119}},"5":{"start":{"line":4,"column":59},"end":{"line":4,"column":119}},"6":{"start":{"line":4,"column":103},"end":{"line":4,"column":118}},"7":{"start":{"line":4,"column":13},"end":{"line":4,"column":26}}},"fnMap":{"0":{"name":"(anonymous_0)","decl":{"start":{"line":3,"column":30},"end":{"line":3,"column":31}},"loc":{"start":{"line":3,"column":49},"end":{"line":3,"column":77}}},"1":{"name":"(anonymous_1)","decl":{"start":{"line":4,"column":26},"end":{"line":4,"column":27}},"loc":{"start":{"line":4,"column":59},"end":{"line":4,"column":119}}},"2":{"name":"(anonymous_2)","decl":{"start":{"line":4,"column":93},"end":{"line":4,"column":94}},"loc":{"start":{"line":4,"column":103},"end":{"line":4,"column":118}}}},"branchMap":{},"s":{"0":1,"1":1,"2":3,"3":1,"4":1,"5":1,"6":1,"7":1},"f":{"0":3,"1":1,"2":1},"b":{}}
,"/Users/alisonryan/snapper/backend/src/models/users.ts": {"path":"/Users/alisonryan/snapper/backend/src/models/users.ts","statementMap":{"0":{"start":{"line":1,"column":0},"end":{"line":1,"column":32}},"1":{"start":{"line":3,"column":19},"end":{"line":6,"column":2}},"2":{"start":{"line":8,"column":13},"end":{"line":8,"column":60}}},"fnMap":{},"branchMap":{},"s":{"0":1,"1":1,"2":1},"f":{},"b":{}}
,"/Users/alisonryan/snapper/backend/src/routes/authentification.ts": {"path":"/Users/alisonryan/snapper/backend/src/routes/authentification.ts","statementMap":{"0":{"start":{"line":2,"column":0},"end":{"line":2,"column":59}},"1":{"start":{"line":4,"column":0},"end":{"line":6,"column":2}},"2":{"start":{"line":5,"column":4},"end":{"line":5,"column":44}}},"fnMap":{"0":{"name":"(anonymous_0)","decl":{"start":{"line":4,"column":15},"end":{"line":4,"column":16}},"loc":{"start":{"line":4,"column":42},"end":{"line":6,"column":1}}}},"branchMap":{},"s":{"0":1,"1":1,"2":1},"f":{"0":1},"b":{}}
,"/Users/alisonryan/snapper/backend/src/routes/healthcheck.ts": {"path":"/Users/alisonryan/snapper/backend/src/routes/healthcheck.ts","statementMap":{"0":{"start":{"line":3,"column":0},"end":{"line":5,"column":2}},"1":{"start":{"line":4,"column":4},"end":{"line":4,"column":81}},"2":{"start":{"line":4,"column":39},"end":{"line":4,"column":79}}},"fnMap":{"0":{"name":"(anonymous_0)","decl":{"start":{"line":3,"column":15},"end":{"line":3,"column":16}},"loc":{"start":{"line":3,"column":42},"end":{"line":5,"column":1}}},"1":{"name":"(anonymous_1)","decl":{"start":{"line":4,"column":24},"end":{"line":4,"column":25}},"loc":{"start":{"line":4,"column":39},"end":{"line":4,"column":79}}}},"branchMap":{},"s":{"0":1,"1":1,"2":0},"f":{"0":1,"1":0},"b":{}}
,"/Users/alisonryan/snapper/backend/src/routes/index.ts": {"path":"/Users/alisonryan/snapper/backend/src/routes/index.ts","statementMap":{"0":{"start":{"line":1,"column":0},"end":{"line":1,"column":30}},"1":{"start":{"line":2,"column":0},"end":{"line":2,"column":50}},"2":{"start":{"line":3,"column":0},"end":{"line":3,"column":40}},"3":{"start":{"line":5,"column":15},"end":{"line":5,"column":31}},"4":{"start":{"line":6,"column":0},"end":{"line":10,"column":2}},"5":{"start":{"line":7,"column":4},"end":{"line":7,"column":29}},"6":{"start":{"line":8,"column":4},"end":{"line":8,"column":24}},"7":{"start":{"line":9,"column":4},"end":{"line":9,"column":18}}},"fnMap":{"0":{"name":"(anonymous_1)","decl":{"start":{"line":6,"column":15},"end":{"line":6,"column":34}},"loc":{"start":{"line":6,"column":36},"end":{"line":10,"column":1}}}},"branchMap":{},"s":{"0":1,"1":1,"2":1,"3":1,"4":1,"5":1,"6":1,"7":1},"f":{"0":1},"b":{}}
}
